{
  "uid" : "7e3a0f6801cbfe8e",
  "name" : "test_add_shopping_trolley",
  "fullName" : "test.test_shopping_trolley.TestShoppingTrolley#test_add_shopping_trolley",
  "historyId" : "3b6a961107c5df5b1f9c0c194610f03c",
  "time" : {
    "start" : 1548922405966,
    "stop" : 1548922405968,
    "duration" : 2
  },
  "status" : "failed",
  "statusMessage" : "AssertionError: assert 'success' == 'failed'\n  - success\n  + failed",
  "statusTrace" : "self = <test_shopping_trolley.TestShoppingTrolley object at 0x105ebbc88>\n\n    @allure.story('加入购物车')  # story定义用户场景\n    def test_add_shopping_trolley(self):\n        login('刘春明', '密码')  # 调用“步骤函数”\n        with allure.step(\"浏览商品\"):  # 将一个测试用例分成几个步骤，将步骤打印到测试报告中，步骤2\n            allure.attach('商品1', '刘春明')  # attach可以打印一些附加信息\n            allure.attach('商品2', 'liuchunming')\n        with allure.step(\"点击商品\"):  # 将一个测试用例分成几个步骤，将步骤打印到测试报告中，步骤3\n            pass\n        with allure.step(\"校验结果\"):\n            allure.attach('期望结果', '添加购物车成功')\n            allure.attach('实际结果', '添加购物车失败')\n>           assert 'success' == 'failed'\nE           AssertionError: assert 'success' == 'failed'\nE             - success\nE             + failed\n\ntest/test_shopping_trolley.py:21: AssertionError",
  "flaky" : true,
  "beforeStages" : [ {
    "name" : "env",
    "time" : {
      "start" : 1548922405965,
      "stop" : 1548922405965,
      "duration" : 0
    },
    "status" : "passed",
    "steps" : [ ],
    "attachments" : [ ],
    "parameters" : [ ],
    "stepsCount" : 0,
    "attachmentsCount" : 0,
    "shouldDisplayMessage" : false,
    "hasContent" : false
  } ],
  "testStage" : {
    "status" : "failed",
    "statusMessage" : "AssertionError: assert 'success' == 'failed'\n  - success\n  + failed",
    "statusTrace" : "self = <test_shopping_trolley.TestShoppingTrolley object at 0x105ebbc88>\n\n    @allure.story('加入购物车')  # story定义用户场景\n    def test_add_shopping_trolley(self):\n        login('刘春明', '密码')  # 调用“步骤函数”\n        with allure.step(\"浏览商品\"):  # 将一个测试用例分成几个步骤，将步骤打印到测试报告中，步骤2\n            allure.attach('商品1', '刘春明')  # attach可以打印一些附加信息\n            allure.attach('商品2', 'liuchunming')\n        with allure.step(\"点击商品\"):  # 将一个测试用例分成几个步骤，将步骤打印到测试报告中，步骤3\n            pass\n        with allure.step(\"校验结果\"):\n            allure.attach('期望结果', '添加购物车成功')\n            allure.attach('实际结果', '添加购物车失败')\n>           assert 'success' == 'failed'\nE           AssertionError: assert 'success' == 'failed'\nE             - success\nE             + failed\n\ntest/test_shopping_trolley.py:21: AssertionError",
    "steps" : [ {
      "name" : "用户登录",
      "time" : {
        "start" : 1548922405967,
        "stop" : 1548922405967,
        "duration" : 0
      },
      "status" : "passed",
      "steps" : [ ],
      "attachments" : [ ],
      "parameters" : [ {
        "name" : "user",
        "value" : "'刘春明'"
      }, {
        "name" : "pwd",
        "value" : "'密码'"
      } ],
      "stepsCount" : 0,
      "attachmentsCount" : 0,
      "shouldDisplayMessage" : false,
      "hasContent" : true
    }, {
      "name" : "浏览商品",
      "time" : {
        "start" : 1548922405967,
        "stop" : 1548922405967,
        "duration" : 0
      },
      "status" : "passed",
      "steps" : [ ],
      "attachments" : [ {
        "uid" : "3337807df06290d",
        "name" : "刘春明",
        "source" : "3337807df06290d.attach",
        "type" : "text/plain",
        "size" : 7
      }, {
        "uid" : "ffcbbb55809ec0c0",
        "name" : "liuchunming",
        "source" : "ffcbbb55809ec0c0.attach",
        "type" : "text/plain",
        "size" : 7
      } ],
      "parameters" : [ ],
      "stepsCount" : 0,
      "attachmentsCount" : 2,
      "shouldDisplayMessage" : false,
      "hasContent" : true
    }, {
      "name" : "点击商品",
      "time" : {
        "start" : 1548922405967,
        "stop" : 1548922405967,
        "duration" : 0
      },
      "status" : "passed",
      "steps" : [ ],
      "attachments" : [ ],
      "parameters" : [ ],
      "stepsCount" : 0,
      "attachmentsCount" : 0,
      "shouldDisplayMessage" : false,
      "hasContent" : false
    }, {
      "name" : "校验结果",
      "time" : {
        "start" : 1548922405967,
        "stop" : 1548922405968,
        "duration" : 1
      },
      "status" : "failed",
      "statusMessage" : "AssertionError: assert 'success' == 'failed'\n  - success\n  + failed\n",
      "statusTrace" : "  File \"/Users/icsoc/work/pytest/test/test_shopping_trolley.py\", line 21, in test_add_shopping_trolley\n    assert 'success' == 'failed'\n",
      "steps" : [ ],
      "attachments" : [ {
        "uid" : "1475dbd70a4081a1",
        "name" : "添加购物车成功",
        "source" : "1475dbd70a4081a1.attach",
        "type" : "text/plain",
        "size" : 12
      }, {
        "uid" : "b16cdbffa87e423a",
        "name" : "添加购物车失败",
        "source" : "b16cdbffa87e423a.attach",
        "type" : "text/plain",
        "size" : 12
      } ],
      "parameters" : [ ],
      "stepsCount" : 0,
      "attachmentsCount" : 2,
      "shouldDisplayMessage" : true,
      "hasContent" : true
    } ],
    "attachments" : [ {
      "uid" : "91a0cb32418a9daa",
      "name" : "log",
      "source" : "91a0cb32418a9daa.txt",
      "type" : "text/plain",
      "size" : 0
    }, {
      "uid" : "404d9b537927e822",
      "name" : "stdout",
      "source" : "404d9b537927e822.txt",
      "type" : "text/plain",
      "size" : 17
    }, {
      "uid" : "4785ca05f1e4891b",
      "name" : "stderr",
      "source" : "4785ca05f1e4891b.txt",
      "type" : "text/plain",
      "size" : 0
    } ],
    "parameters" : [ ],
    "stepsCount" : 4,
    "attachmentsCount" : 7,
    "shouldDisplayMessage" : true,
    "hasContent" : true
  },
  "afterStages" : [ ],
  "labels" : [ {
    "name" : "feature",
    "value" : "购物车功能"
  }, {
    "name" : "story",
    "value" : "加入购物车"
  }, {
    "name" : "parentSuite",
    "value" : "test"
  }, {
    "name" : "suite",
    "value" : "test_shopping_trolley"
  }, {
    "name" : "subSuite",
    "value" : "TestShoppingTrolley"
  }, {
    "name" : "host",
    "value" : "xuchangdeMacBook-Pro.local"
  }, {
    "name" : "thread",
    "value" : "43503-MainThread"
  }, {
    "name" : "framework",
    "value" : "pytest"
  }, {
    "name" : "language",
    "value" : "cpython3"
  }, {
    "name" : "package",
    "value" : "test.test_shopping_trolley"
  }, {
    "name" : "resultFormat",
    "value" : "allure2"
  } ],
  "parameters" : [ ],
  "links" : [ ],
  "hidden" : false,
  "retry" : false,
  "extra" : {
    "severity" : "normal",
    "retries" : [ {
      "uid" : "b497d15df8dbfda5",
      "status" : "broken",
      "statusDetails" : "AttributeError: module 'allure' has no attribute 'environment'",
      "time" : { }
    }, {
      "uid" : "21aa6d5f79e03c13",
      "status" : "broken",
      "statusDetails" : "FileNotFoundError: [Errno 2] No such file or directory: '/Users/icsoc/work/pytest/config/env_config.yml'",
      "time" : { }
    }, {
      "uid" : "8fa3ebe5a4908940",
      "status" : "broken",
      "statusDetails" : "NameError: name 'env_config' is not defined",
      "time" : { }
    } ],
    "categories" : [ {
      "name" : "Product defects",
      "matchedStatuses" : [ ],
      "flaky" : false
    } ],
    "tags" : [ ]
  },
  "source" : "7e3a0f6801cbfe8e.json",
  "parameterValues" : [ ]
}